<?xml version="1.0" encoding="UTF-8"?>
<coverage generated="1741525285675" clover="3.2.0">
  <project timestamp="1741525285675" name="All files">
    <metrics statements="33" coveredstatements="9" conditionals="11" coveredconditionals="4" methods="4" coveredmethods="1" elements="48" coveredelements="14" complexity="0" loc="33" ncloc="33" packages="3" files="9" classes="9"/>
    <package name="middlewares">
      <metrics statements="17" coveredstatements="9" conditionals="11" coveredconditionals="4" methods="3" coveredmethods="1"/>
      <file name="auth-middleware.js" path="D:\Cosas instituto\1 Grado Superior DAW\SegundoAño\EC\T2\TFG\BackEndTFG\src\middlewares\auth-middleware.js">
        <metrics statements="9" coveredstatements="9" conditionals="4" coveredconditionals="4" methods="1" coveredmethods="1"/>
        <line num="4" count="3" type="stmt"/>
        <line num="5" count="3" type="cond" truecount="4" falsecount="0"/>
        <line num="6" count="1" type="stmt"/>
        <line num="9" count="2" type="stmt"/>
        <line num="10" count="2" type="stmt"/>
        <line num="11" count="2" type="stmt"/>
        <line num="12" count="1" type="stmt"/>
        <line num="13" count="1" type="stmt"/>
        <line num="15" count="1" type="stmt"/>
      </file>
      <file name="error-middleware.js" path="D:\Cosas instituto\1 Grado Superior DAW\SegundoAño\EC\T2\TFG\BackEndTFG\src\middlewares\error-middleware.js">
        <metrics statements="5" coveredstatements="0" conditionals="3" coveredconditionals="0" methods="1" coveredmethods="0"/>
        <line num="4" count="0" type="stmt"/>
        <line num="5" count="0" type="cond" truecount="0" falsecount="1"/>
        <line num="6" count="0" type="cond" truecount="0" falsecount="2"/>
        <line num="7" count="0" type="stmt"/>
        <line num="10" count="0" type="stmt"/>
      </file>
      <file name="query-middleware.js" path="D:\Cosas instituto\1 Grado Superior DAW\SegundoAño\EC\T2\TFG\BackEndTFG\src\middlewares\query-middleware.js">
        <metrics statements="3" coveredstatements="0" conditionals="4" coveredconditionals="0" methods="1" coveredmethods="0"/>
        <line num="2" count="0" type="stmt"/>
        <line num="3" count="0" type="stmt"/>
        <line num="8" count="0" type="stmt"/>
      </file>
    </package>
    <package name="routes">
      <metrics statements="15" coveredstatements="0" conditionals="0" coveredconditionals="0" methods="0" coveredmethods="0"/>
      <file name="index.js" path="D:\Cosas instituto\1 Grado Superior DAW\SegundoAño\EC\T2\TFG\BackEndTFG\src\routes\index.js">
        <metrics statements="3" coveredstatements="0" conditionals="0" coveredconditionals="0" methods="0" coveredmethods="0"/>
        <line num="6" count="0" type="stmt"/>
        <line num="9" count="0" type="stmt"/>
        <line num="12" count="0" type="stmt"/>
      </file>
      <file name="misc-router.js" path="D:\Cosas instituto\1 Grado Superior DAW\SegundoAño\EC\T2\TFG\BackEndTFG\src\routes\misc-router.js">
        <metrics statements="0" coveredstatements="0" conditionals="0" coveredconditionals="0" methods="0" coveredmethods="0"/>
      </file>
      <file name="song-routes.js" path="D:\Cosas instituto\1 Grado Superior DAW\SegundoAño\EC\T2\TFG\BackEndTFG\src\routes\song-routes.js">
        <metrics statements="8" coveredstatements="0" conditionals="0" coveredconditionals="0" methods="0" coveredmethods="0"/>
        <line num="12" count="0" type="stmt"/>
        <line num="14" count="0" type="stmt"/>
        <line num="15" count="0" type="stmt"/>
        <line num="16" count="0" type="stmt"/>
        <line num="17" count="0" type="stmt"/>
        <line num="18" count="0" type="stmt"/>
        <line num="19" count="0" type="stmt"/>
        <line num="20" count="0" type="stmt"/>
      </file>
      <file name="user-routes.js" path="D:\Cosas instituto\1 Grado Superior DAW\SegundoAño\EC\T2\TFG\BackEndTFG\src\routes\user-routes.js">
        <metrics statements="4" coveredstatements="0" conditionals="0" coveredconditionals="0" methods="0" coveredmethods="0"/>
        <line num="5" count="0" type="stmt"/>
        <line num="7" count="0" type="stmt"/>
        <line num="8" count="0" type="stmt"/>
        <line num="9" count="0" type="stmt"/>
      </file>
    </package>
    <package name="utils">
      <metrics statements="1" coveredstatements="0" conditionals="0" coveredconditionals="0" methods="1" coveredmethods="0"/>
      <file name="index.js" path="D:\Cosas instituto\1 Grado Superior DAW\SegundoAño\EC\T2\TFG\BackEndTFG\src\utils\index.js">
        <metrics statements="0" coveredstatements="0" conditionals="0" coveredconditionals="0" methods="0" coveredmethods="0"/>
      </file>
      <file name="logger.js" path="D:\Cosas instituto\1 Grado Superior DAW\SegundoAño\EC\T2\TFG\BackEndTFG\src\utils\logger.js">
        <metrics statements="1" coveredstatements="0" conditionals="0" coveredconditionals="0" methods="1" coveredmethods="0"/>
        <line num="9" count="0" type="stmt"/>
      </file>
    </package>
  </project>
</coverage>
