{"D:\\Cosas instituto\\1 Grado Superior DAW\\SegundoAño\\EC\\T2\\TFG\\BackEndTFG\\src\\app.js": {"path":"D:\\Cosas instituto\\1 Grado Superior DAW\\SegundoAño\\EC\\T2\\TFG\\BackEndTFG\\src\\app.js","statementMap":{"0":{"start":{"line":10,"column":12},"end":{"line":10,"column":21}},"1":{"start":{"line":12,"column":0},"end":{"line":12,"column":18}},"2":{"start":{"line":13,"column":0},"end":{"line":13,"column":21}},"3":{"start":{"line":16,"column":0},"end":{"line":16,"column":24}}},"fnMap":{},"branchMap":{},"s":{"0":0,"1":0,"2":0,"3":0},"f":{},"b":{}}
,"D:\\Cosas instituto\\1 Grado Superior DAW\\SegundoAño\\EC\\T2\\TFG\\BackEndTFG\\src\\config.js": {"path":"D:\\Cosas instituto\\1 Grado Superior DAW\\SegundoAño\\EC\\T2\\TFG\\BackEndTFG\\src\\config.js","statementMap":{"0":{"start":{"line":3,"column":15},"end":{"line":9,"column":1}},"1":{"start":{"line":11,"column":19},"end":{"line":13,"column":1}},"2":{"start":{"line":15,"column":29},"end":{"line":17,"column":1}}},"fnMap":{},"branchMap":{"0":{"loc":{"start":{"line":4,"column":8},"end":{"line":4,"column":32}},"type":"binary-expr","locations":[{"start":{"line":4,"column":8},"end":{"line":4,"column":24}},{"start":{"line":4,"column":28},"end":{"line":4,"column":32}}],"line":4}},"s":{"0":0,"1":0,"2":0},"f":{},"b":{"0":[0,0]}}
,"D:\\Cosas instituto\\1 Grado Superior DAW\\SegundoAño\\EC\\T2\\TFG\\BackEndTFG\\src\\index.js": {"path":"D:\\Cosas instituto\\1 Grado Superior DAW\\SegundoAño\\EC\\T2\\TFG\\BackEndTFG\\src\\index.js","statementMap":{"0":{"start":{"line":4,"column":17},"end":{"line":4,"column":23}},"1":{"start":{"line":6,"column":0},"end":{"line":8,"column":3}},"2":{"start":{"line":7,"column":2},"end":{"line":7,"column":50}}},"fnMap":{"0":{"name":"(anonymous_0)","decl":{"start":{"line":6,"column":17},"end":{"line":6,"column":18}},"loc":{"start":{"line":6,"column":23},"end":{"line":8,"column":1}},"line":6}},"branchMap":{},"s":{"0":0,"1":0,"2":0},"f":{"0":0},"b":{}}
,"D:\\Cosas instituto\\1 Grado Superior DAW\\SegundoAño\\EC\\T2\\TFG\\BackEndTFG\\src\\controllers\\login-controller.js": {"path":"D:\\Cosas instituto\\1 Grado Superior DAW\\SegundoAño\\EC\\T2\\TFG\\BackEndTFG\\src\\controllers\\login-controller.js","statementMap":{"0":{"start":{"line":5,"column":30},"end":{"line":29,"column":1}},"1":{"start":{"line":6,"column":20},"end":{"line":6,"column":28}},"2":{"start":{"line":7,"column":2},"end":{"line":28,"column":3}},"3":{"start":{"line":8,"column":17},"end":{"line":8,"column":89}},"4":{"start":{"line":9,"column":4},"end":{"line":9,"column":82}},"5":{"start":{"line":9,"column":15},"end":{"line":9,"column":82}},"6":{"start":{"line":12,"column":18},"end":{"line":12,"column":56}},"7":{"start":{"line":13,"column":4},"end":{"line":13,"column":36}},"8":{"start":{"line":14,"column":4},"end":{"line":14,"column":60}},"9":{"start":{"line":15,"column":4},"end":{"line":15,"column":22}},"10":{"start":{"line":18,"column":21},"end":{"line":18,"column":68}},"11":{"start":{"line":19,"column":20},"end":{"line":19,"column":48}},"12":{"start":{"line":20,"column":17},"end":{"line":20,"column":94}},"13":{"start":{"line":21,"column":17},"end":{"line":21,"column":126}},"14":{"start":{"line":23,"column":4},"end":{"line":23,"column":70}},"15":{"start":{"line":25,"column":4},"end":{"line":25,"column":61}},"16":{"start":{"line":27,"column":4},"end":{"line":27,"column":83}},"17":{"start":{"line":31,"column":29},"end":{"line":50,"column":1}},"18":{"start":{"line":32,"column":20},"end":{"line":32,"column":30}},"19":{"start":{"line":33,"column":23},"end":{"line":33,"column":31}},"20":{"start":{"line":34,"column":2},"end":{"line":49,"column":3}},"21":{"start":{"line":35,"column":17},"end":{"line":38,"column":6}},"22":{"start":{"line":39,"column":4},"end":{"line":39,"column":86}},"23":{"start":{"line":39,"column":15},"end":{"line":39,"column":86}},"24":{"start":{"line":41,"column":4},"end":{"line":41,"column":29}},"25":{"start":{"line":42,"column":4},"end":{"line":42,"column":40}},"26":{"start":{"line":43,"column":4},"end":{"line":43,"column":42}},"27":{"start":{"line":44,"column":4},"end":{"line":44,"column":22}},"28":{"start":{"line":46,"column":4},"end":{"line":46,"column":68}},"29":{"start":{"line":48,"column":4},"end":{"line":48,"column":77}}},"fnMap":{"0":{"name":"(anonymous_0)","decl":{"start":{"line":5,"column":30},"end":{"line":5,"column":31}},"loc":{"start":{"line":5,"column":50},"end":{"line":29,"column":1}},"line":5},"1":{"name":"(anonymous_1)","decl":{"start":{"line":31,"column":29},"end":{"line":31,"column":30}},"loc":{"start":{"line":31,"column":49},"end":{"line":50,"column":1}},"line":31}},"branchMap":{"0":{"loc":{"start":{"line":8,"column":17},"end":{"line":8,"column":89}},"type":"binary-expr","locations":[{"start":{"line":8,"column":17},"end":{"line":8,"column":56}},{"start":{"line":8,"column":60},"end":{"line":8,"column":89}}],"line":8},"1":{"loc":{"start":{"line":9,"column":4},"end":{"line":9,"column":82}},"type":"if","locations":[{"start":{"line":9,"column":4},"end":{"line":9,"column":82}},{"start":{},"end":{}}],"line":9},"2":{"loc":{"start":{"line":23,"column":20},"end":{"line":23,"column":47}},"type":"binary-expr","locations":[{"start":{"line":23,"column":20},"end":{"line":23,"column":30}},{"start":{"line":23,"column":34},"end":{"line":23,"column":47}}],"line":23},"3":{"loc":{"start":{"line":39,"column":4},"end":{"line":39,"column":86}},"type":"if","locations":[{"start":{"line":39,"column":4},"end":{"line":39,"column":86}},{"start":{},"end":{}}],"line":39}},"s":{"0":0,"1":0,"2":0,"3":0,"4":0,"5":0,"6":0,"7":0,"8":0,"9":0,"10":0,"11":0,"12":0,"13":0,"14":0,"15":0,"16":0,"17":0,"18":0,"19":0,"20":0,"21":0,"22":0,"23":0,"24":0,"25":0,"26":0,"27":0,"28":0,"29":0},"f":{"0":0,"1":0},"b":{"0":[0,0],"1":[0,0],"2":[0,0],"3":[0,0]}}
,"D:\\Cosas instituto\\1 Grado Superior DAW\\SegundoAño\\EC\\T2\\TFG\\BackEndTFG\\src\\controllers\\misc-controller.js": {"path":"D:\\Cosas instituto\\1 Grado Superior DAW\\SegundoAño\\EC\\T2\\TFG\\BackEndTFG\\src\\controllers\\misc-controller.js","statementMap":{},"fnMap":{},"branchMap":{},"s":{},"f":{},"b":{}}
,"D:\\Cosas instituto\\1 Grado Superior DAW\\SegundoAño\\EC\\T2\\TFG\\BackEndTFG\\src\\controllers\\newsletter-controller.js": {"path":"D:\\Cosas instituto\\1 Grado Superior DAW\\SegundoAño\\EC\\T2\\TFG\\BackEndTFG\\src\\controllers\\newsletter-controller.js","statementMap":{"0":{"start":{"line":7,"column":30},"end":{"line":16,"column":1}},"1":{"start":{"line":8,"column":2},"end":{"line":15,"column":3}},"2":{"start":{"line":9,"column":42},"end":{"line":9,"column":50}},"3":{"start":{"line":10,"column":21},"end":{"line":10,"column":74}},"4":{"start":{"line":11,"column":4},"end":{"line":11,"column":26}},"5":{"start":{"line":12,"column":4},"end":{"line":12,"column":35}},"6":{"start":{"line":14,"column":4},"end":{"line":14,"column":53}},"7":{"start":{"line":19,"column":30},"end":{"line":33,"column":1}},"8":{"start":{"line":20,"column":2},"end":{"line":32,"column":3}},"9":{"start":{"line":21,"column":21},"end":{"line":21,"column":31}},"10":{"start":{"line":22,"column":36},"end":{"line":22,"column":44}},"11":{"start":{"line":23,"column":21},"end":{"line":27,"column":5}},"12":{"start":{"line":28,"column":4},"end":{"line":28,"column":82}},"13":{"start":{"line":28,"column":19},"end":{"line":28,"column":82}},"14":{"start":{"line":29,"column":4},"end":{"line":29,"column":23}},"15":{"start":{"line":31,"column":4},"end":{"line":31,"column":53}},"16":{"start":{"line":36,"column":28},"end":{"line":43,"column":1}},"17":{"start":{"line":37,"column":2},"end":{"line":42,"column":3}},"18":{"start":{"line":38,"column":22},"end":{"line":38,"column":53}},"19":{"start":{"line":39,"column":4},"end":{"line":39,"column":24}},"20":{"start":{"line":41,"column":4},"end":{"line":41,"column":53}},"21":{"start":{"line":45,"column":37},"end":{"line":79,"column":1}},"22":{"start":{"line":46,"column":2},"end":{"line":78,"column":3}},"23":{"start":{"line":47,"column":22},"end":{"line":47,"column":30}},"24":{"start":{"line":49,"column":21},"end":{"line":49,"column":56}},"25":{"start":{"line":50,"column":4},"end":{"line":52,"column":5}},"26":{"start":{"line":51,"column":6},"end":{"line":51,"column":85}},"27":{"start":{"line":54,"column":26},"end":{"line":54,"column":51}},"28":{"start":{"line":55,"column":4},"end":{"line":55,"column":31}},"29":{"start":{"line":58,"column":21},"end":{"line":58,"column":74}},"30":{"start":{"line":59,"column":4},"end":{"line":61,"column":5}},"31":{"start":{"line":60,"column":6},"end":{"line":60,"column":94}},"32":{"start":{"line":64,"column":29},"end":{"line":64,"column":88}},"33":{"start":{"line":65,"column":25},"end":{"line":65,"column":103}},"34":{"start":{"line":65,"column":56},"end":{"line":65,"column":91}},"35":{"start":{"line":66,"column":25},"end":{"line":66,"column":108}},"36":{"start":{"line":66,"column":56},"end":{"line":66,"column":98}},"37":{"start":{"line":69,"column":20},"end":{"line":69,"column":36}},"38":{"start":{"line":70,"column":17},"end":{"line":70,"column":65}},"39":{"start":{"line":71,"column":17},"end":{"line":71,"column":65}},"40":{"start":{"line":73,"column":4},"end":{"line":73,"column":48}},"41":{"start":{"line":75,"column":4},"end":{"line":75,"column":80}},"42":{"start":{"line":77,"column":4},"end":{"line":77,"column":79}}},"fnMap":{"0":{"name":"(anonymous_0)","decl":{"start":{"line":7,"column":30},"end":{"line":7,"column":31}},"loc":{"start":{"line":7,"column":50},"end":{"line":16,"column":1}},"line":7},"1":{"name":"(anonymous_1)","decl":{"start":{"line":19,"column":30},"end":{"line":19,"column":31}},"loc":{"start":{"line":19,"column":50},"end":{"line":33,"column":1}},"line":19},"2":{"name":"(anonymous_2)","decl":{"start":{"line":36,"column":28},"end":{"line":36,"column":29}},"loc":{"start":{"line":36,"column":48},"end":{"line":43,"column":1}},"line":36},"3":{"name":"(anonymous_3)","decl":{"start":{"line":45,"column":37},"end":{"line":45,"column":38}},"loc":{"start":{"line":45,"column":57},"end":{"line":79,"column":1}},"line":45},"4":{"name":"(anonymous_4)","decl":{"start":{"line":65,"column":46},"end":{"line":65,"column":47}},"loc":{"start":{"line":65,"column":56},"end":{"line":65,"column":91}},"line":65},"5":{"name":"(anonymous_5)","decl":{"start":{"line":66,"column":46},"end":{"line":66,"column":47}},"loc":{"start":{"line":66,"column":56},"end":{"line":66,"column":98}},"line":66}},"branchMap":{"0":{"loc":{"start":{"line":28,"column":4},"end":{"line":28,"column":82}},"type":"if","locations":[{"start":{"line":28,"column":4},"end":{"line":28,"column":82}},{"start":{},"end":{}}],"line":28},"1":{"loc":{"start":{"line":50,"column":4},"end":{"line":52,"column":5}},"type":"if","locations":[{"start":{"line":50,"column":4},"end":{"line":52,"column":5}},{"start":{},"end":{}}],"line":50},"2":{"loc":{"start":{"line":59,"column":4},"end":{"line":61,"column":5}},"type":"if","locations":[{"start":{"line":59,"column":4},"end":{"line":61,"column":5}},{"start":{},"end":{}}],"line":59}},"s":{"0":0,"1":0,"2":0,"3":0,"4":0,"5":0,"6":0,"7":0,"8":0,"9":0,"10":0,"11":0,"12":0,"13":0,"14":0,"15":0,"16":0,"17":0,"18":0,"19":0,"20":0,"21":0,"22":0,"23":0,"24":0,"25":0,"26":0,"27":0,"28":0,"29":0,"30":0,"31":0,"32":0,"33":0,"34":0,"35":0,"36":0,"37":0,"38":0,"39":0,"40":0,"41":0,"42":0},"f":{"0":0,"1":0,"2":0,"3":0,"4":0,"5":0},"b":{"0":[0,0],"1":[0,0],"2":[0,0]}}
,"D:\\Cosas instituto\\1 Grado Superior DAW\\SegundoAño\\EC\\T2\\TFG\\BackEndTFG\\src\\controllers\\playlist-controller.js": {"path":"D:\\Cosas instituto\\1 Grado Superior DAW\\SegundoAño\\EC\\T2\\TFG\\BackEndTFG\\src\\controllers\\playlist-controller.js","statementMap":{"0":{"start":{"line":4,"column":30},"end":{"line":18,"column":1}},"1":{"start":{"line":5,"column":2},"end":{"line":17,"column":3}},"2":{"start":{"line":6,"column":31},"end":{"line":6,"column":39}},"3":{"start":{"line":7,"column":21},"end":{"line":12,"column":6}},"4":{"start":{"line":13,"column":4},"end":{"line":13,"column":26}},"5":{"start":{"line":14,"column":4},"end":{"line":14,"column":35}},"6":{"start":{"line":16,"column":4},"end":{"line":16,"column":53}},"7":{"start":{"line":21,"column":32},"end":{"line":28,"column":1}},"8":{"start":{"line":22,"column":2},"end":{"line":27,"column":3}},"9":{"start":{"line":23,"column":22},"end":{"line":23,"column":83}},"10":{"start":{"line":24,"column":4},"end":{"line":24,"column":24}},"11":{"start":{"line":26,"column":4},"end":{"line":26,"column":53}},"12":{"start":{"line":31,"column":34},"end":{"line":38,"column":1}},"13":{"start":{"line":32,"column":2},"end":{"line":37,"column":3}},"14":{"start":{"line":33,"column":22},"end":{"line":33,"column":109}},"15":{"start":{"line":34,"column":4},"end":{"line":34,"column":24}},"16":{"start":{"line":36,"column":4},"end":{"line":36,"column":53}},"17":{"start":{"line":41,"column":33},"end":{"line":54,"column":1}},"18":{"start":{"line":42,"column":2},"end":{"line":53,"column":3}},"19":{"start":{"line":43,"column":35},"end":{"line":43,"column":43}},"20":{"start":{"line":44,"column":21},"end":{"line":44,"column":84}},"21":{"start":{"line":45,"column":4},"end":{"line":45,"column":82}},"22":{"start":{"line":45,"column":19},"end":{"line":45,"column":82}},"23":{"start":{"line":46,"column":4},"end":{"line":49,"column":5}},"24":{"start":{"line":47,"column":6},"end":{"line":47,"column":34}},"25":{"start":{"line":48,"column":6},"end":{"line":48,"column":28}},"26":{"start":{"line":50,"column":4},"end":{"line":50,"column":23}},"27":{"start":{"line":52,"column":4},"end":{"line":52,"column":53}},"28":{"start":{"line":57,"column":30},"end":{"line":66,"column":1}},"29":{"start":{"line":58,"column":2},"end":{"line":65,"column":3}},"30":{"start":{"line":59,"column":27},"end":{"line":59,"column":37}},"31":{"start":{"line":60,"column":21},"end":{"line":60,"column":93}},"32":{"start":{"line":61,"column":4},"end":{"line":61,"column":82}},"33":{"start":{"line":61,"column":19},"end":{"line":61,"column":82}},"34":{"start":{"line":62,"column":4},"end":{"line":62,"column":46}},"35":{"start":{"line":64,"column":4},"end":{"line":64,"column":53}}},"fnMap":{"0":{"name":"(anonymous_0)","decl":{"start":{"line":4,"column":30},"end":{"line":4,"column":31}},"loc":{"start":{"line":4,"column":50},"end":{"line":18,"column":1}},"line":4},"1":{"name":"(anonymous_1)","decl":{"start":{"line":21,"column":32},"end":{"line":21,"column":33}},"loc":{"start":{"line":21,"column":52},"end":{"line":28,"column":1}},"line":21},"2":{"name":"(anonymous_2)","decl":{"start":{"line":31,"column":34},"end":{"line":31,"column":35}},"loc":{"start":{"line":31,"column":54},"end":{"line":38,"column":1}},"line":31},"3":{"name":"(anonymous_3)","decl":{"start":{"line":41,"column":33},"end":{"line":41,"column":34}},"loc":{"start":{"line":41,"column":53},"end":{"line":54,"column":1}},"line":41},"4":{"name":"(anonymous_4)","decl":{"start":{"line":57,"column":30},"end":{"line":57,"column":31}},"loc":{"start":{"line":57,"column":50},"end":{"line":66,"column":1}},"line":57}},"branchMap":{"0":{"loc":{"start":{"line":10,"column":16},"end":{"line":10,"column":33}},"type":"binary-expr","locations":[{"start":{"line":10,"column":16},"end":{"line":10,"column":24}},{"start":{"line":10,"column":28},"end":{"line":10,"column":33}}],"line":10},"1":{"loc":{"start":{"line":45,"column":4},"end":{"line":45,"column":82}},"type":"if","locations":[{"start":{"line":45,"column":4},"end":{"line":45,"column":82}},{"start":{},"end":{}}],"line":45},"2":{"loc":{"start":{"line":46,"column":4},"end":{"line":49,"column":5}},"type":"if","locations":[{"start":{"line":46,"column":4},"end":{"line":49,"column":5}},{"start":{},"end":{}}],"line":46},"3":{"loc":{"start":{"line":61,"column":4},"end":{"line":61,"column":82}},"type":"if","locations":[{"start":{"line":61,"column":4},"end":{"line":61,"column":82}},{"start":{},"end":{}}],"line":61}},"s":{"0":0,"1":0,"2":0,"3":0,"4":0,"5":0,"6":0,"7":0,"8":0,"9":0,"10":0,"11":0,"12":0,"13":0,"14":0,"15":0,"16":0,"17":0,"18":0,"19":0,"20":0,"21":0,"22":0,"23":0,"24":0,"25":0,"26":0,"27":0,"28":0,"29":0,"30":0,"31":0,"32":0,"33":0,"34":0,"35":0},"f":{"0":0,"1":0,"2":0,"3":0,"4":0},"b":{"0":[0,0],"1":[0,0],"2":[0,0],"3":[0,0]}}
,"D:\\Cosas instituto\\1 Grado Superior DAW\\SegundoAño\\EC\\T2\\TFG\\BackEndTFG\\src\\controllers\\song-controller.js": {"path":"D:\\Cosas instituto\\1 Grado Superior DAW\\SegundoAño\\EC\\T2\\TFG\\BackEndTFG\\src\\controllers\\song-controller.js","statementMap":{"0":{"start":{"line":5,"column":27},"end":{"line":14,"column":1}},"1":{"start":{"line":6,"column":2},"end":{"line":13,"column":3}},"2":{"start":{"line":7,"column":18},"end":{"line":7,"column":46}},"3":{"start":{"line":8,"column":4},"end":{"line":8,"column":43}},"4":{"start":{"line":9,"column":4},"end":{"line":9,"column":20}},"5":{"start":{"line":11,"column":4},"end":{"line":11,"column":60}},"6":{"start":{"line":12,"column":4},"end":{"line":12,"column":53}},"7":{"start":{"line":17,"column":30},"end":{"line":25,"column":1}},"8":{"start":{"line":18,"column":2},"end":{"line":24,"column":3}},"9":{"start":{"line":19,"column":17},"end":{"line":19,"column":75}},"10":{"start":{"line":20,"column":4},"end":{"line":20,"column":74}},"11":{"start":{"line":20,"column":15},"end":{"line":20,"column":74}},"12":{"start":{"line":21,"column":4},"end":{"line":21,"column":19}},"13":{"start":{"line":23,"column":4},"end":{"line":23,"column":53}},"14":{"start":{"line":28,"column":31},"end":{"line":35,"column":1}},"15":{"start":{"line":29,"column":2},"end":{"line":34,"column":3}},"16":{"start":{"line":30,"column":18},"end":{"line":30,"column":73}},"17":{"start":{"line":31,"column":4},"end":{"line":31,"column":20}},"18":{"start":{"line":33,"column":4},"end":{"line":33,"column":53}},"19":{"start":{"line":38,"column":32},"end":{"line":45,"column":1}},"20":{"start":{"line":39,"column":2},"end":{"line":44,"column":3}},"21":{"start":{"line":40,"column":18},"end":{"line":40,"column":75}},"22":{"start":{"line":41,"column":4},"end":{"line":41,"column":20}},"23":{"start":{"line":43,"column":4},"end":{"line":43,"column":53}},"24":{"start":{"line":48,"column":30},"end":{"line":55,"column":1}},"25":{"start":{"line":49,"column":2},"end":{"line":54,"column":3}},"26":{"start":{"line":50,"column":18},"end":{"line":50,"column":71}},"27":{"start":{"line":51,"column":4},"end":{"line":51,"column":20}},"28":{"start":{"line":53,"column":4},"end":{"line":53,"column":53}},"29":{"start":{"line":58,"column":33},"end":{"line":66,"column":1}},"30":{"start":{"line":59,"column":2},"end":{"line":65,"column":3}},"31":{"start":{"line":60,"column":17},"end":{"line":60,"column":84}},"32":{"start":{"line":61,"column":4},"end":{"line":61,"column":74}},"33":{"start":{"line":61,"column":15},"end":{"line":61,"column":74}},"34":{"start":{"line":62,"column":4},"end":{"line":62,"column":42}},"35":{"start":{"line":64,"column":4},"end":{"line":64,"column":53}},"36":{"start":{"line":69,"column":26},"end":{"line":114,"column":1}},"37":{"start":{"line":70,"column":2},"end":{"line":113,"column":3}},"38":{"start":{"line":72,"column":4},"end":{"line":74,"column":5}},"39":{"start":{"line":73,"column":6},"end":{"line":73,"column":93}},"40":{"start":{"line":76,"column":59},"end":{"line":76,"column":67}},"41":{"start":{"line":79,"column":19},"end":{"line":79,"column":36}},"42":{"start":{"line":82,"column":27},"end":{"line":82,"column":29}},"43":{"start":{"line":83,"column":4},"end":{"line":89,"column":5}},"44":{"start":{"line":84,"column":25},"end":{"line":84,"column":58}},"45":{"start":{"line":85,"column":6},"end":{"line":87,"column":7}},"46":{"start":{"line":86,"column":8},"end":{"line":86,"column":74}},"47":{"start":{"line":88,"column":6},"end":{"line":88,"column":45}},"48":{"start":{"line":92,"column":24},"end":{"line":92,"column":87}},"49":{"start":{"line":94,"column":17},"end":{"line":106,"column":6}},"50":{"start":{"line":108,"column":4},"end":{"line":108,"column":22}},"51":{"start":{"line":109,"column":4},"end":{"line":109,"column":31}},"52":{"start":{"line":111,"column":4},"end":{"line":111,"column":52}},"53":{"start":{"line":112,"column":4},"end":{"line":112,"column":53}}},"fnMap":{"0":{"name":"(anonymous_0)","decl":{"start":{"line":5,"column":27},"end":{"line":5,"column":28}},"loc":{"start":{"line":5,"column":47},"end":{"line":14,"column":1}},"line":5},"1":{"name":"(anonymous_1)","decl":{"start":{"line":17,"column":30},"end":{"line":17,"column":31}},"loc":{"start":{"line":17,"column":50},"end":{"line":25,"column":1}},"line":17},"2":{"name":"(anonymous_2)","decl":{"start":{"line":28,"column":31},"end":{"line":28,"column":32}},"loc":{"start":{"line":28,"column":51},"end":{"line":35,"column":1}},"line":28},"3":{"name":"(anonymous_3)","decl":{"start":{"line":38,"column":32},"end":{"line":38,"column":33}},"loc":{"start":{"line":38,"column":52},"end":{"line":45,"column":1}},"line":38},"4":{"name":"(anonymous_4)","decl":{"start":{"line":48,"column":30},"end":{"line":48,"column":31}},"loc":{"start":{"line":48,"column":50},"end":{"line":55,"column":1}},"line":48},"5":{"name":"(anonymous_5)","decl":{"start":{"line":58,"column":33},"end":{"line":58,"column":34}},"loc":{"start":{"line":58,"column":53},"end":{"line":66,"column":1}},"line":58},"6":{"name":"(anonymous_6)","decl":{"start":{"line":69,"column":26},"end":{"line":69,"column":27}},"loc":{"start":{"line":69,"column":46},"end":{"line":114,"column":1}},"line":69}},"branchMap":{"0":{"loc":{"start":{"line":20,"column":4},"end":{"line":20,"column":74}},"type":"if","locations":[{"start":{"line":20,"column":4},"end":{"line":20,"column":74}},{"start":{},"end":{}}],"line":20},"1":{"loc":{"start":{"line":61,"column":4},"end":{"line":61,"column":74}},"type":"if","locations":[{"start":{"line":61,"column":4},"end":{"line":61,"column":74}},{"start":{},"end":{}}],"line":61},"2":{"loc":{"start":{"line":72,"column":4},"end":{"line":74,"column":5}},"type":"if","locations":[{"start":{"line":72,"column":4},"end":{"line":74,"column":5}},{"start":{},"end":{}}],"line":72},"3":{"loc":{"start":{"line":83,"column":4},"end":{"line":89,"column":5}},"type":"if","locations":[{"start":{"line":83,"column":4},"end":{"line":89,"column":5}},{"start":{},"end":{}}],"line":83},"4":{"loc":{"start":{"line":85,"column":6},"end":{"line":87,"column":7}},"type":"if","locations":[{"start":{"line":85,"column":6},"end":{"line":87,"column":7}},{"start":{},"end":{}}],"line":85},"5":{"loc":{"start":{"line":85,"column":10},"end":{"line":85,"column":55}},"type":"binary-expr","locations":[{"start":{"line":85,"column":10},"end":{"line":85,"column":21}},{"start":{"line":85,"column":25},"end":{"line":85,"column":55}}],"line":85},"6":{"loc":{"start":{"line":92,"column":24},"end":{"line":92,"column":87}},"type":"cond-expr","locations":[{"start":{"line":92,"column":43},"end":{"line":92,"column":78}},{"start":{"line":92,"column":81},"end":{"line":92,"column":87}}],"line":92}},"s":{"0":1,"1":2,"2":2,"3":1,"4":1,"5":1,"6":1,"7":1,"8":3,"9":3,"10":2,"11":1,"12":1,"13":1,"14":1,"15":2,"16":2,"17":1,"18":1,"19":1,"20":1,"21":1,"22":1,"23":0,"24":1,"25":1,"26":1,"27":1,"28":0,"29":1,"30":0,"31":0,"32":0,"33":0,"34":0,"35":0,"36":1,"37":0,"38":0,"39":0,"40":0,"41":0,"42":0,"43":0,"44":0,"45":0,"46":0,"47":0,"48":0,"49":0,"50":0,"51":0,"52":0,"53":0},"f":{"0":2,"1":3,"2":2,"3":1,"4":1,"5":0,"6":0},"b":{"0":[1,1],"1":[0,0],"2":[0,0],"3":[0,0],"4":[0,0],"5":[0,0],"6":[0,0]},"_coverageSchema":"1a1c01bbd47fc00a2c39e90264f33305004495a9","hash":"668affaa1e907e9554fe07193aa451c24045f015"}
,"D:\\Cosas instituto\\1 Grado Superior DAW\\SegundoAño\\EC\\T2\\TFG\\BackEndTFG\\src\\controllers\\user-controller.js": {"path":"D:\\Cosas instituto\\1 Grado Superior DAW\\SegundoAño\\EC\\T2\\TFG\\BackEndTFG\\src\\controllers\\user-controller.js","statementMap":{"0":{"start":{"line":5,"column":24},"end":{"line":35,"column":1}},"1":{"start":{"line":6,"column":2},"end":{"line":34,"column":3}},"2":{"start":{"line":7,"column":48},"end":{"line":7,"column":56}},"3":{"start":{"line":10,"column":4},"end":{"line":12,"column":5}},"4":{"start":{"line":11,"column":6},"end":{"line":11,"column":63}},"5":{"start":{"line":15,"column":26},"end":{"line":15,"column":55}},"6":{"start":{"line":16,"column":4},"end":{"line":18,"column":5}},"7":{"start":{"line":17,"column":6},"end":{"line":17,"column":75}},"8":{"start":{"line":20,"column":17},"end":{"line":20,"column":62}},"9":{"start":{"line":21,"column":20},"end":{"line":21,"column":37}},"10":{"start":{"line":24,"column":4},"end":{"line":29,"column":6}},"11":{"start":{"line":31,"column":4},"end":{"line":31,"column":78}},"12":{"start":{"line":33,"column":4},"end":{"line":33,"column":53}},"13":{"start":{"line":37,"column":21},"end":{"line":54,"column":1}},"14":{"start":{"line":38,"column":2},"end":{"line":53,"column":3}},"15":{"start":{"line":39,"column":35},"end":{"line":39,"column":43}},"16":{"start":{"line":40,"column":17},"end":{"line":40,"column":49}},"17":{"start":{"line":41,"column":4},"end":{"line":43,"column":5}},"18":{"start":{"line":42,"column":6},"end":{"line":42,"column":70}},"19":{"start":{"line":45,"column":18},"end":{"line":49,"column":1}},"20":{"start":{"line":50,"column":4},"end":{"line":50,"column":90}},"21":{"start":{"line":52,"column":4},"end":{"line":52,"column":53}},"22":{"start":{"line":56,"column":27},"end":{"line":63,"column":1}},"23":{"start":{"line":57,"column":2},"end":{"line":62,"column":3}},"24":{"start":{"line":58,"column":18},"end":{"line":58,"column":50}},"25":{"start":{"line":59,"column":4},"end":{"line":59,"column":20}},"26":{"start":{"line":61,"column":4},"end":{"line":61,"column":53}},"27":{"start":{"line":66,"column":30},"end":{"line":80,"column":1}},"28":{"start":{"line":67,"column":2},"end":{"line":79,"column":3}},"29":{"start":{"line":68,"column":31},"end":{"line":68,"column":39}},"30":{"start":{"line":69,"column":17},"end":{"line":69,"column":49}},"31":{"start":{"line":70,"column":4},"end":{"line":70,"column":74}},"32":{"start":{"line":70,"column":15},"end":{"line":70,"column":74}},"33":{"start":{"line":72,"column":24},"end":{"line":72,"column":53}},"34":{"start":{"line":73,"column":4},"end":{"line":73,"column":37}},"35":{"start":{"line":74,"column":4},"end":{"line":74,"column":22}},"36":{"start":{"line":76,"column":4},"end":{"line":76,"column":81}},"37":{"start":{"line":78,"column":4},"end":{"line":78,"column":53}},"38":{"start":{"line":83,"column":33},"end":{"line":99,"column":1}},"39":{"start":{"line":84,"column":2},"end":{"line":98,"column":3}},"40":{"start":{"line":85,"column":35},"end":{"line":85,"column":43}},"41":{"start":{"line":86,"column":17},"end":{"line":86,"column":49}},"42":{"start":{"line":87,"column":4},"end":{"line":87,"column":74}},"43":{"start":{"line":87,"column":15},"end":{"line":87,"column":74}},"44":{"start":{"line":89,"column":21},"end":{"line":89,"column":50}},"45":{"start":{"line":90,"column":4},"end":{"line":90,"column":82}},"46":{"start":{"line":90,"column":19},"end":{"line":90,"column":82}},"47":{"start":{"line":92,"column":4},"end":{"line":92,"column":32}},"48":{"start":{"line":93,"column":4},"end":{"line":93,"column":22}},"49":{"start":{"line":95,"column":4},"end":{"line":95,"column":74}},"50":{"start":{"line":97,"column":4},"end":{"line":97,"column":53}},"51":{"start":{"line":102,"column":34},"end":{"line":110,"column":1}},"52":{"start":{"line":103,"column":2},"end":{"line":109,"column":3}},"53":{"start":{"line":104,"column":18},"end":{"line":104,"column":78}},"54":{"start":{"line":105,"column":28},"end":{"line":105,"column":103}},"55":{"start":{"line":105,"column":50},"end":{"line":105,"column":102}},"56":{"start":{"line":105,"column":84},"end":{"line":105,"column":101}},"57":{"start":{"line":106,"column":4},"end":{"line":106,"column":30}},"58":{"start":{"line":108,"column":4},"end":{"line":108,"column":53}},"59":{"start":{"line":113,"column":32},"end":{"line":121,"column":1}},"60":{"start":{"line":114,"column":2},"end":{"line":120,"column":3}},"61":{"start":{"line":115,"column":17},"end":{"line":115,"column":77}},"62":{"start":{"line":116,"column":4},"end":{"line":116,"column":74}},"63":{"start":{"line":116,"column":15},"end":{"line":116,"column":74}},"64":{"start":{"line":117,"column":4},"end":{"line":117,"column":29}},"65":{"start":{"line":119,"column":4},"end":{"line":119,"column":53}},"66":{"start":{"line":124,"column":29},"end":{"line":131,"column":1}},"67":{"start":{"line":125,"column":2},"end":{"line":130,"column":3}},"68":{"start":{"line":126,"column":20},"end":{"line":126,"column":73}},"69":{"start":{"line":127,"column":4},"end":{"line":127,"column":22}},"70":{"start":{"line":129,"column":4},"end":{"line":129,"column":53}}},"fnMap":{"0":{"name":"(anonymous_0)","decl":{"start":{"line":5,"column":24},"end":{"line":5,"column":25}},"loc":{"start":{"line":5,"column":44},"end":{"line":35,"column":1}},"line":5},"1":{"name":"(anonymous_1)","decl":{"start":{"line":37,"column":21},"end":{"line":37,"column":22}},"loc":{"start":{"line":37,"column":41},"end":{"line":54,"column":1}},"line":37},"2":{"name":"(anonymous_2)","decl":{"start":{"line":56,"column":27},"end":{"line":56,"column":28}},"loc":{"start":{"line":56,"column":47},"end":{"line":63,"column":1}},"line":56},"3":{"name":"(anonymous_3)","decl":{"start":{"line":66,"column":30},"end":{"line":66,"column":31}},"loc":{"start":{"line":66,"column":50},"end":{"line":80,"column":1}},"line":66},"4":{"name":"(anonymous_4)","decl":{"start":{"line":83,"column":33},"end":{"line":83,"column":34}},"loc":{"start":{"line":83,"column":53},"end":{"line":99,"column":1}},"line":83},"5":{"name":"(anonymous_5)","decl":{"start":{"line":102,"column":34},"end":{"line":102,"column":35}},"loc":{"start":{"line":102,"column":54},"end":{"line":110,"column":1}},"line":102},"6":{"name":"(anonymous_6)","decl":{"start":{"line":105,"column":42},"end":{"line":105,"column":43}},"loc":{"start":{"line":105,"column":50},"end":{"line":105,"column":102}},"line":105},"7":{"name":"(anonymous_7)","decl":{"start":{"line":105,"column":72},"end":{"line":105,"column":73}},"loc":{"start":{"line":105,"column":84},"end":{"line":105,"column":101}},"line":105},"8":{"name":"(anonymous_8)","decl":{"start":{"line":113,"column":32},"end":{"line":113,"column":33}},"loc":{"start":{"line":113,"column":52},"end":{"line":121,"column":1}},"line":113},"9":{"name":"(anonymous_9)","decl":{"start":{"line":124,"column":29},"end":{"line":124,"column":30}},"loc":{"start":{"line":124,"column":49},"end":{"line":131,"column":1}},"line":124}},"branchMap":{"0":{"loc":{"start":{"line":10,"column":4},"end":{"line":12,"column":5}},"type":"if","locations":[{"start":{"line":10,"column":4},"end":{"line":12,"column":5}},{"start":{},"end":{}}],"line":10},"1":{"loc":{"start":{"line":16,"column":4},"end":{"line":18,"column":5}},"type":"if","locations":[{"start":{"line":16,"column":4},"end":{"line":18,"column":5}},{"start":{},"end":{}}],"line":16},"2":{"loc":{"start":{"line":41,"column":4},"end":{"line":43,"column":5}},"type":"if","locations":[{"start":{"line":41,"column":4},"end":{"line":43,"column":5}},{"start":{},"end":{}}],"line":41},"3":{"loc":{"start":{"line":41,"column":8},"end":{"line":41,"column":56}},"type":"binary-expr","locations":[{"start":{"line":41,"column":8},"end":{"line":41,"column":13}},{"start":{"line":41,"column":17},"end":{"line":41,"column":56}}],"line":41},"4":{"loc":{"start":{"line":70,"column":4},"end":{"line":70,"column":74}},"type":"if","locations":[{"start":{"line":70,"column":4},"end":{"line":70,"column":74}},{"start":{},"end":{}}],"line":70},"5":{"loc":{"start":{"line":87,"column":4},"end":{"line":87,"column":74}},"type":"if","locations":[{"start":{"line":87,"column":4},"end":{"line":87,"column":74}},{"start":{},"end":{}}],"line":87},"6":{"loc":{"start":{"line":90,"column":4},"end":{"line":90,"column":82}},"type":"if","locations":[{"start":{"line":90,"column":4},"end":{"line":90,"column":82}},{"start":{},"end":{}}],"line":90},"7":{"loc":{"start":{"line":116,"column":4},"end":{"line":116,"column":74}},"type":"if","locations":[{"start":{"line":116,"column":4},"end":{"line":116,"column":74}},{"start":{},"end":{}}],"line":116}},"s":{"0":1,"1":1,"2":1,"3":1,"4":1,"5":0,"6":0,"7":0,"8":0,"9":0,"10":0,"11":0,"12":0,"13":1,"14":1,"15":1,"16":1,"17":1,"18":0,"19":1,"20":1,"21":0,"22":1,"23":1,"24":1,"25":1,"26":0,"27":1,"28":0,"29":0,"30":0,"31":0,"32":0,"33":0,"34":0,"35":0,"36":0,"37":0,"38":1,"39":0,"40":0,"41":0,"42":0,"43":0,"44":0,"45":0,"46":0,"47":0,"48":0,"49":0,"50":0,"51":1,"52":0,"53":0,"54":0,"55":0,"56":0,"57":0,"58":0,"59":1,"60":0,"61":0,"62":0,"63":0,"64":0,"65":0,"66":1,"67":0,"68":0,"69":0,"70":0},"f":{"0":1,"1":1,"2":1,"3":0,"4":0,"5":0,"6":0,"7":0,"8":0,"9":0},"b":{"0":[1,0],"1":[0,0],"2":[0,1],"3":[1,1],"4":[0,0],"5":[0,0],"6":[0,0],"7":[0,0]},"_coverageSchema":"1a1c01bbd47fc00a2c39e90264f33305004495a9","hash":"66fb961d89c8a56152a553a21b13a6e344fe304f"}
,"D:\\Cosas instituto\\1 Grado Superior DAW\\SegundoAño\\EC\\T2\\TFG\\BackEndTFG\\src\\middlewares\\auth-middleware.js": {"path":"D:\\Cosas instituto\\1 Grado Superior DAW\\SegundoAño\\EC\\T2\\TFG\\BackEndTFG\\src\\middlewares\\auth-middleware.js","statementMap":{"0":{"start":{"line":4,"column":21},"end":{"line":4,"column":46}},"1":{"start":{"line":5,"column":2},"end":{"line":7,"column":3}},"2":{"start":{"line":6,"column":4},"end":{"line":6,"column":66}},"3":{"start":{"line":9,"column":16},"end":{"line":9,"column":40}},"4":{"start":{"line":10,"column":2},"end":{"line":16,"column":3}},"5":{"start":{"line":11,"column":20},"end":{"line":11,"column":61}},"6":{"start":{"line":12,"column":4},"end":{"line":12,"column":23}},"7":{"start":{"line":13,"column":4},"end":{"line":13,"column":11}},"8":{"start":{"line":15,"column":4},"end":{"line":15,"column":62}}},"fnMap":{"0":{"name":"authMiddleware","decl":{"start":{"line":3,"column":24},"end":{"line":3,"column":38}},"loc":{"start":{"line":3,"column":55},"end":{"line":17,"column":1}},"line":3}},"branchMap":{"0":{"loc":{"start":{"line":5,"column":2},"end":{"line":7,"column":3}},"type":"if","locations":[{"start":{"line":5,"column":2},"end":{"line":7,"column":3}},{"start":{},"end":{}}],"line":5},"1":{"loc":{"start":{"line":5,"column":6},"end":{"line":5,"column":54}},"type":"binary-expr","locations":[{"start":{"line":5,"column":6},"end":{"line":5,"column":17}},{"start":{"line":5,"column":21},"end":{"line":5,"column":54}}],"line":5}},"s":{"0":3,"1":3,"2":1,"3":2,"4":2,"5":2,"6":1,"7":1,"8":1},"f":{"0":3},"b":{"0":[1,2],"1":[3,2]},"_coverageSchema":"1a1c01bbd47fc00a2c39e90264f33305004495a9","hash":"291fbb9578bd9f8c75dd88d4a1bff47e5eb8f846"}
,"D:\\Cosas instituto\\1 Grado Superior DAW\\SegundoAño\\EC\\T2\\TFG\\BackEndTFG\\src\\middlewares\\error-middleware.js": {"path":"D:\\Cosas instituto\\1 Grado Superior DAW\\SegundoAño\\EC\\T2\\TFG\\BackEndTFG\\src\\middlewares\\error-middleware.js","statementMap":{"0":{"start":{"line":4,"column":2},"end":{"line":4,"column":46}},"1":{"start":{"line":5,"column":36},"end":{"line":5,"column":39}},"2":{"start":{"line":6,"column":14},"end":{"line":6,"column":55}},"3":{"start":{"line":7,"column":24},"end":{"line":9,"column":3}},"4":{"start":{"line":10,"column":2},"end":{"line":10,"column":41}}},"fnMap":{"0":{"name":"errorMiddleware","decl":{"start":{"line":3,"column":24},"end":{"line":3,"column":39}},"loc":{"start":{"line":3,"column":61},"end":{"line":11,"column":1}},"line":3}},"branchMap":{"0":{"loc":{"start":{"line":5,"column":10},"end":{"line":5,"column":22}},"type":"default-arg","locations":[{"start":{"line":5,"column":19},"end":{"line":5,"column":22}}],"line":5},"1":{"loc":{"start":{"line":6,"column":14},"end":{"line":6,"column":55}},"type":"cond-expr","locations":[{"start":{"line":6,"column":31},"end":{"line":6,"column":45}},{"start":{"line":6,"column":48},"end":{"line":6,"column":55}}],"line":6}},"s":{"0":2,"1":2,"2":2,"3":2,"4":2},"f":{"0":2},"b":{"0":[1],"1":[1,1]},"_coverageSchema":"1a1c01bbd47fc00a2c39e90264f33305004495a9","hash":"54d72e0291e769603bc68979bfaf737c1f945d6a"}
,"D:\\Cosas instituto\\1 Grado Superior DAW\\SegundoAño\\EC\\T2\\TFG\\BackEndTFG\\src\\middlewares\\query-middleware.js": {"path":"D:\\Cosas instituto\\1 Grado Superior DAW\\SegundoAño\\EC\\T2\\TFG\\BackEndTFG\\src\\middlewares\\query-middleware.js","statementMap":{"0":{"start":{"line":2,"column":37},"end":{"line":2,"column":46}},"1":{"start":{"line":3,"column":2},"end":{"line":7,"column":4}},"2":{"start":{"line":8,"column":2},"end":{"line":8,"column":9}}},"fnMap":{"0":{"name":"parseQuery","decl":{"start":{"line":1,"column":24},"end":{"line":1,"column":34}},"loc":{"start":{"line":1,"column":51},"end":{"line":9,"column":1}},"line":1}},"branchMap":{"0":{"loc":{"start":{"line":4,"column":11},"end":{"line":4,"column":36}},"type":"binary-expr","locations":[{"start":{"line":4,"column":11},"end":{"line":4,"column":30}},{"start":{"line":4,"column":34},"end":{"line":4,"column":36}}],"line":4},"1":{"loc":{"start":{"line":5,"column":12},"end":{"line":5,"column":37}},"type":"binary-expr","locations":[{"start":{"line":5,"column":12},"end":{"line":5,"column":32}},{"start":{"line":5,"column":36},"end":{"line":5,"column":37}}],"line":5}},"s":{"0":2,"1":2,"2":2},"f":{"0":2},"b":{"0":[2,1],"1":[2,1]},"_coverageSchema":"1a1c01bbd47fc00a2c39e90264f33305004495a9","hash":"aa7ace271d2243f49b9523b81f307585bcf3304f"}
,"D:\\Cosas instituto\\1 Grado Superior DAW\\SegundoAño\\EC\\T2\\TFG\\BackEndTFG\\src\\utils\\index.js": {"path":"D:\\Cosas instituto\\1 Grado Superior DAW\\SegundoAño\\EC\\T2\\TFG\\BackEndTFG\\src\\utils\\index.js","statementMap":{},"fnMap":{},"branchMap":{},"s":{},"f":{},"b":{}}
,"D:\\Cosas instituto\\1 Grado Superior DAW\\SegundoAño\\EC\\T2\\TFG\\BackEndTFG\\src\\utils\\logger.js": {"path":"D:\\Cosas instituto\\1 Grado Superior DAW\\SegundoAño\\EC\\T2\\TFG\\BackEndTFG\\src\\utils\\logger.js","statementMap":{"0":{"start":{"line":9,"column":40},"end":{"line":9,"column":94}}},"fnMap":{"0":{"name":"(anonymous_0)","decl":{"start":{"line":9,"column":30},"end":{"line":9,"column":31}},"loc":{"start":{"line":9,"column":40},"end":{"line":9,"column":94}},"line":9}},"branchMap":{},"s":{"0":2},"f":{"0":2},"b":{},"_coverageSchema":"1a1c01bbd47fc00a2c39e90264f33305004495a9","hash":"200bdef75e9c464f3a8dd35cd224749604e0a914"}
,"D:\\Cosas instituto\\1 Grado Superior DAW\\SegundoAño\\EC\\T2\\TFG\\BackEndTFG\\src\\utils\\sendWeeklyNewsletter.js": {"path":"D:\\Cosas instituto\\1 Grado Superior DAW\\SegundoAño\\EC\\T2\\TFG\\BackEndTFG\\src\\utils\\sendWeeklyNewsletter.js","statementMap":{"0":{"start":{"line":6,"column":36},"end":{"line":31,"column":1}},"1":{"start":{"line":7,"column":2},"end":{"line":30,"column":3}},"2":{"start":{"line":8,"column":21},"end":{"line":8,"column":77}},"3":{"start":{"line":9,"column":4},"end":{"line":12,"column":5}},"4":{"start":{"line":10,"column":6},"end":{"line":10,"column":53}},"5":{"start":{"line":11,"column":6},"end":{"line":11,"column":13}},"6":{"start":{"line":15,"column":29},"end":{"line":15,"column":66}},"7":{"start":{"line":16,"column":25},"end":{"line":16,"column":103}},"8":{"start":{"line":16,"column":56},"end":{"line":16,"column":91}},"9":{"start":{"line":17,"column":25},"end":{"line":17,"column":108}},"10":{"start":{"line":17,"column":56},"end":{"line":17,"column":98}},"11":{"start":{"line":19,"column":20},"end":{"line":19,"column":36}},"12":{"start":{"line":20,"column":17},"end":{"line":20,"column":65}},"13":{"start":{"line":21,"column":17},"end":{"line":21,"column":65}},"14":{"start":{"line":23,"column":24},"end":{"line":23,"column":47}},"15":{"start":{"line":24,"column":4},"end":{"line":27,"column":5}},"16":{"start":{"line":25,"column":6},"end":{"line":25,"column":54}},"17":{"start":{"line":26,"column":6},"end":{"line":26,"column":53}},"18":{"start":{"line":29,"column":4},"end":{"line":29,"column":61}}},"fnMap":{"0":{"name":"(anonymous_0)","decl":{"start":{"line":6,"column":36},"end":{"line":6,"column":37}},"loc":{"start":{"line":6,"column":48},"end":{"line":31,"column":1}},"line":6},"1":{"name":"(anonymous_1)","decl":{"start":{"line":16,"column":46},"end":{"line":16,"column":47}},"loc":{"start":{"line":16,"column":56},"end":{"line":16,"column":91}},"line":16},"2":{"name":"(anonymous_2)","decl":{"start":{"line":17,"column":46},"end":{"line":17,"column":47}},"loc":{"start":{"line":17,"column":56},"end":{"line":17,"column":98}},"line":17}},"branchMap":{"0":{"loc":{"start":{"line":9,"column":4},"end":{"line":12,"column":5}},"type":"if","locations":[{"start":{"line":9,"column":4},"end":{"line":12,"column":5}},{"start":{},"end":{}}],"line":9}},"s":{"0":0,"1":0,"2":0,"3":0,"4":0,"5":0,"6":0,"7":0,"8":0,"9":0,"10":0,"11":0,"12":0,"13":0,"14":0,"15":0,"16":0,"17":0,"18":0},"f":{"0":0,"1":0,"2":0},"b":{"0":[0,0]}}
}
