{"D:\\Cosas instituto\\1 Grado Superior DAW\\SegundoAño\\EC\\T2\\TFG\\BackEndTFG\\src\\middlewares\\auth-middleware.js": {"path":"D:\\Cosas instituto\\1 Grado Superior DAW\\SegundoAño\\EC\\T2\\TFG\\BackEndTFG\\src\\middlewares\\auth-middleware.js","statementMap":{"0":{"start":{"line":4,"column":21},"end":{"line":4,"column":46}},"1":{"start":{"line":5,"column":2},"end":{"line":7,"column":3}},"2":{"start":{"line":6,"column":4},"end":{"line":6,"column":66}},"3":{"start":{"line":9,"column":16},"end":{"line":9,"column":40}},"4":{"start":{"line":10,"column":2},"end":{"line":16,"column":3}},"5":{"start":{"line":11,"column":20},"end":{"line":11,"column":61}},"6":{"start":{"line":12,"column":4},"end":{"line":12,"column":23}},"7":{"start":{"line":13,"column":4},"end":{"line":13,"column":11}},"8":{"start":{"line":15,"column":4},"end":{"line":15,"column":62}}},"fnMap":{"0":{"name":"authMiddleware","decl":{"start":{"line":3,"column":24},"end":{"line":3,"column":38}},"loc":{"start":{"line":3,"column":55},"end":{"line":17,"column":1}},"line":3}},"branchMap":{"0":{"loc":{"start":{"line":5,"column":2},"end":{"line":7,"column":3}},"type":"if","locations":[{"start":{"line":5,"column":2},"end":{"line":7,"column":3}},{"start":{},"end":{}}],"line":5},"1":{"loc":{"start":{"line":5,"column":6},"end":{"line":5,"column":54}},"type":"binary-expr","locations":[{"start":{"line":5,"column":6},"end":{"line":5,"column":17}},{"start":{"line":5,"column":21},"end":{"line":5,"column":54}}],"line":5}},"s":{"0":3,"1":3,"2":1,"3":2,"4":2,"5":2,"6":1,"7":1,"8":1},"f":{"0":3},"b":{"0":[1,2],"1":[3,2]},"_coverageSchema":"1a1c01bbd47fc00a2c39e90264f33305004495a9","hash":"291fbb9578bd9f8c75dd88d4a1bff47e5eb8f846"}
,"D:\\Cosas instituto\\1 Grado Superior DAW\\SegundoAño\\EC\\T2\\TFG\\BackEndTFG\\src\\middlewares\\error-middleware.js": {"path":"D:\\Cosas instituto\\1 Grado Superior DAW\\SegundoAño\\EC\\T2\\TFG\\BackEndTFG\\src\\middlewares\\error-middleware.js","statementMap":{"0":{"start":{"line":4,"column":2},"end":{"line":4,"column":46}},"1":{"start":{"line":5,"column":36},"end":{"line":5,"column":39}},"2":{"start":{"line":6,"column":14},"end":{"line":6,"column":55}},"3":{"start":{"line":7,"column":24},"end":{"line":9,"column":3}},"4":{"start":{"line":10,"column":2},"end":{"line":10,"column":41}}},"fnMap":{"0":{"name":"errorMiddleware","decl":{"start":{"line":3,"column":24},"end":{"line":3,"column":39}},"loc":{"start":{"line":3,"column":61},"end":{"line":11,"column":1}},"line":3}},"branchMap":{"0":{"loc":{"start":{"line":5,"column":10},"end":{"line":5,"column":22}},"type":"default-arg","locations":[{"start":{"line":5,"column":19},"end":{"line":5,"column":22}}],"line":5},"1":{"loc":{"start":{"line":6,"column":14},"end":{"line":6,"column":55}},"type":"cond-expr","locations":[{"start":{"line":6,"column":31},"end":{"line":6,"column":45}},{"start":{"line":6,"column":48},"end":{"line":6,"column":55}}],"line":6}},"s":{"0":0,"1":0,"2":0,"3":0,"4":0},"f":{"0":0},"b":{"0":[0],"1":[0,0]}}
,"D:\\Cosas instituto\\1 Grado Superior DAW\\SegundoAño\\EC\\T2\\TFG\\BackEndTFG\\src\\middlewares\\query-middleware.js": {"path":"D:\\Cosas instituto\\1 Grado Superior DAW\\SegundoAño\\EC\\T2\\TFG\\BackEndTFG\\src\\middlewares\\query-middleware.js","statementMap":{"0":{"start":{"line":2,"column":37},"end":{"line":2,"column":46}},"1":{"start":{"line":3,"column":2},"end":{"line":7,"column":4}},"2":{"start":{"line":8,"column":2},"end":{"line":8,"column":9}}},"fnMap":{"0":{"name":"parseQuery","decl":{"start":{"line":1,"column":24},"end":{"line":1,"column":34}},"loc":{"start":{"line":1,"column":51},"end":{"line":9,"column":1}},"line":1}},"branchMap":{"0":{"loc":{"start":{"line":4,"column":11},"end":{"line":4,"column":36}},"type":"binary-expr","locations":[{"start":{"line":4,"column":11},"end":{"line":4,"column":30}},{"start":{"line":4,"column":34},"end":{"line":4,"column":36}}],"line":4},"1":{"loc":{"start":{"line":5,"column":12},"end":{"line":5,"column":37}},"type":"binary-expr","locations":[{"start":{"line":5,"column":12},"end":{"line":5,"column":32}},{"start":{"line":5,"column":36},"end":{"line":5,"column":37}}],"line":5}},"s":{"0":0,"1":0,"2":0},"f":{"0":0},"b":{"0":[0,0],"1":[0,0]}}
,"D:\\Cosas instituto\\1 Grado Superior DAW\\SegundoAño\\EC\\T2\\TFG\\BackEndTFG\\src\\routes\\index.js": {"path":"D:\\Cosas instituto\\1 Grado Superior DAW\\SegundoAño\\EC\\T2\\TFG\\BackEndTFG\\src\\routes\\index.js","statementMap":{"0":{"start":{"line":6,"column":15},"end":{"line":6,"column":31}},"1":{"start":{"line":9,"column":0},"end":{"line":9,"column":33}},"2":{"start":{"line":12,"column":0},"end":{"line":12,"column":49}}},"fnMap":{},"branchMap":{},"s":{"0":0,"1":0,"2":0},"f":{},"b":{}}
,"D:\\Cosas instituto\\1 Grado Superior DAW\\SegundoAño\\EC\\T2\\TFG\\BackEndTFG\\src\\routes\\misc-router.js": {"path":"D:\\Cosas instituto\\1 Grado Superior DAW\\SegundoAño\\EC\\T2\\TFG\\BackEndTFG\\src\\routes\\misc-router.js","statementMap":{},"fnMap":{},"branchMap":{},"s":{},"f":{},"b":{}}
,"D:\\Cosas instituto\\1 Grado Superior DAW\\SegundoAño\\EC\\T2\\TFG\\BackEndTFG\\src\\routes\\song-routes.js": {"path":"D:\\Cosas instituto\\1 Grado Superior DAW\\SegundoAño\\EC\\T2\\TFG\\BackEndTFG\\src\\routes\\song-routes.js","statementMap":{"0":{"start":{"line":12,"column":15},"end":{"line":12,"column":31}},"1":{"start":{"line":14,"column":0},"end":{"line":14,"column":29}},"2":{"start":{"line":15,"column":0},"end":{"line":15,"column":44}},"3":{"start":{"line":16,"column":0},"end":{"line":16,"column":45}},"4":{"start":{"line":17,"column":0},"end":{"line":17,"column":48}},"5":{"start":{"line":18,"column":0},"end":{"line":18,"column":42}},"6":{"start":{"line":19,"column":0},"end":{"line":19,"column":29}},"7":{"start":{"line":20,"column":0},"end":{"line":20,"column":50}}},"fnMap":{},"branchMap":{},"s":{"0":0,"1":0,"2":0,"3":0,"4":0,"5":0,"6":0,"7":0},"f":{},"b":{}}
,"D:\\Cosas instituto\\1 Grado Superior DAW\\SegundoAño\\EC\\T2\\TFG\\BackEndTFG\\src\\routes\\user-routes.js": {"path":"D:\\Cosas instituto\\1 Grado Superior DAW\\SegundoAño\\EC\\T2\\TFG\\BackEndTFG\\src\\routes\\user-routes.js","statementMap":{"0":{"start":{"line":5,"column":15},"end":{"line":5,"column":31}},"1":{"start":{"line":7,"column":0},"end":{"line":7,"column":35}},"2":{"start":{"line":8,"column":0},"end":{"line":8,"column":29}},"3":{"start":{"line":9,"column":0},"end":{"line":9,"column":45}}},"fnMap":{},"branchMap":{},"s":{"0":0,"1":0,"2":0,"3":0},"f":{},"b":{}}
,"D:\\Cosas instituto\\1 Grado Superior DAW\\SegundoAño\\EC\\T2\\TFG\\BackEndTFG\\src\\utils\\index.js": {"path":"D:\\Cosas instituto\\1 Grado Superior DAW\\SegundoAño\\EC\\T2\\TFG\\BackEndTFG\\src\\utils\\index.js","statementMap":{},"fnMap":{},"branchMap":{},"s":{},"f":{},"b":{}}
,"D:\\Cosas instituto\\1 Grado Superior DAW\\SegundoAño\\EC\\T2\\TFG\\BackEndTFG\\src\\utils\\logger.js": {"path":"D:\\Cosas instituto\\1 Grado Superior DAW\\SegundoAño\\EC\\T2\\TFG\\BackEndTFG\\src\\utils\\logger.js","statementMap":{"0":{"start":{"line":9,"column":40},"end":{"line":9,"column":94}}},"fnMap":{"0":{"name":"(anonymous_0)","decl":{"start":{"line":9,"column":30},"end":{"line":9,"column":31}},"loc":{"start":{"line":9,"column":40},"end":{"line":9,"column":94}},"line":9}},"branchMap":{},"s":{"0":0},"f":{"0":0},"b":{}}
}
